<?xml version="1.0" encoding="UTF-8"?>
<!-- Generated by org.testng.reporters.JUnitXMLReporter -->
<testsuite ignored="0" hostname="DESKTOP-RT1RM8J" failures="1" tests="2" name="Test" time="15.723" errors="0" timestamp="2022-04-23T09:35:23 IST">
  <testcase classname="com.learnautomation.testcases.LoginTest" name="loginApp" time="2.32">
    <failure type="java.lang.AssertionError" message="Login failed expected [true] but found [false]">
      <![CDATA[java.lang.AssertionError: Login failed expected [true] but found [false]
at com.learnautomation.testcases.LoginTest.loginApp(LoginTest.java:32)
at java.base/java.util.ArrayList.forEach(ArrayList.java:1511)
... Removed 30 stack frames]]>
    </failure>
  </testcase> <!-- loginApp -->
  <testcase classname="com.learnautomation.testcases.LoginTest" name="logoutTest" time="0.0">
    <skipped/>
  </testcase> <!-- logoutTest -->
</testsuite> <!-- Test -->
