<?xml version="1.0" encoding="UTF-8"?>
<testng-results ignored="0" total="1" passed="1" failed="0" skipped="0">
  <reporter-output>
  </reporter-output>
  <suite started-at="2022-04-24T10:02:41 IST" name="Suite" finished-at="2022-04-24T10:02:41 IST" duration-ms="263">
    <groups>
    </groups>
    <test started-at="2022-04-24T10:02:41 IST" name="Test" finished-at="2022-04-24T10:02:41 IST" duration-ms="263">
      <class name="com.learnautomation.testcases.Sample">
        <test-method signature="helloTest()[pri:0, instance:com.learnautomation.testcases.Sample@33990a0c]" started-at="2022-04-24T10:02:41 IST" name="helloTest" finished-at="2022-04-24T10:02:41 IST" duration-ms="72" status="PASS">
          <reporter-output>
          </reporter-output>
        </test-method> <!-- helloTest -->
      </class> <!-- com.learnautomation.testcases.Sample -->
    </test> <!-- Test -->
  </suite> <!-- Suite -->
</testng-results>
